2021-02-19 11:19:15.212  INFO 3662271 --- [main] c.h.a.c.CustomScannersServiceApplication : Starting CustomScannersServiceApplication on paul-XPS-13-9370 with PID 3662271 (/home/paul/.vscode/extensions/hcltechnologies.hclappscancodesweep-1.1.3/lib/custom-scanners-service-1.0.10.jar started by paul in /home/paul/Desktop/source_code/johnny-django-docker)
2021-02-19 11:19:15.216  INFO 3662271 --- [main] c.h.a.c.CustomScannersServiceApplication : No active profile set, falling back to default profiles: default
2021-02-19 11:19:15.302  INFO 3662267 --- [main] c.h.a.c.CustomScannersServiceApplication : Starting CustomScannersServiceApplication on paul-XPS-13-9370 with PID 3662267 (/home/paul/.vscode/extensions/hcltechnologies.hclappscancodesweep-1.1.3/lib/custom-scanners-service-1.0.10.jar started by paul in /home/paul/Desktop/source_code/johnny-django-docker)
2021-02-19 11:19:15.307  INFO 3662267 --- [main] c.h.a.c.CustomScannersServiceApplication : No active profile set, falling back to default profiles: default
2021-02-19 11:19:18.024  INFO 3662271 --- [main] o.s.b.w.embedded.tomcat.TomcatWebServer  : Tomcat initialized with port(s): 9221 (http)
2021-02-19 11:19:18.025  INFO 3662267 --- [main] o.s.b.w.embedded.tomcat.TomcatWebServer  : Tomcat initialized with port(s): 9221 (http)
2021-02-19 11:19:18.055  INFO 3662271 --- [main] o.apache.catalina.core.StandardService   : Starting service [Tomcat]
2021-02-19 11:19:18.056  INFO 3662267 --- [main] o.apache.catalina.core.StandardService   : Starting service [Tomcat]
2021-02-19 11:19:18.058  INFO 3662271 --- [main] org.apache.catalina.core.StandardEngine  : Starting Servlet engine: [Apache Tomcat/9.0.29]
2021-02-19 11:19:18.058  INFO 3662267 --- [main] org.apache.catalina.core.StandardEngine  : Starting Servlet engine: [Apache Tomcat/9.0.29]
2021-02-19 11:19:18.193  INFO 3662271 --- [main] o.a.c.c.C.[Tomcat].[localhost].[/]       : Initializing Spring embedded WebApplicationContext
2021-02-19 11:19:18.195 DEBUG 3662271 --- [main] o.s.web.context.ContextLoader            : Published root WebApplicationContext as ServletContext attribute with name [org.springframework.web.context.WebApplicationContext.ROOT]
2021-02-19 11:19:18.196  INFO 3662271 --- [main] o.s.web.context.ContextLoader            : Root WebApplicationContext: initialization completed in 2900 ms
2021-02-19 11:19:18.205  INFO 3662267 --- [main] o.a.c.c.C.[Tomcat].[localhost].[/]       : Initializing Spring embedded WebApplicationContext
2021-02-19 11:19:18.205 DEBUG 3662267 --- [main] o.s.web.context.ContextLoader            : Published root WebApplicationContext as ServletContext attribute with name [org.springframework.web.context.WebApplicationContext.ROOT]
2021-02-19 11:19:18.205  INFO 3662267 --- [main] o.s.web.context.ContextLoader            : Root WebApplicationContext: initialization completed in 2755 ms
2021-02-19 11:19:18.553 DEBUG 3662271 --- [main] o.s.b.w.s.ServletContextInitializerBeans : Mapping filters: filterRegistrationBean urls=[/*] order=-2147483647, characterEncodingFilter urls=[/*] order=-2147483648, formContentFilter urls=[/*] order=-9900, requestContextFilter urls=[/*] order=-105
2021-02-19 11:19:18.554 DEBUG 3662271 --- [main] o.s.b.w.s.ServletContextInitializerBeans : Mapping servlets: dispatcherServlet urls=[/]
2021-02-19 11:19:18.633 DEBUG 3662267 --- [main] o.s.b.w.s.ServletContextInitializerBeans : Mapping filters: filterRegistrationBean urls=[/*] order=-2147483647, characterEncodingFilter urls=[/*] order=-2147483648, formContentFilter urls=[/*] order=-9900, requestContextFilter urls=[/*] order=-105
2021-02-19 11:19:18.633 DEBUG 3662267 --- [main] o.s.b.w.s.ServletContextInitializerBeans : Mapping servlets: dispatcherServlet urls=[/]
2021-02-19 11:19:21.698 DEBUG 3662267 --- [main] s.w.s.m.m.a.RequestMappingHandlerMapping : 19 mappings in 'requestMappingHandlerMapping'
2021-02-19 11:19:21.803  INFO 3662267 --- [main] o.s.b.a.e.web.EndpointLinksResolver      : Exposing 2 endpoint(s) beneath base path '/actuator'
2021-02-19 11:19:22.002 DEBUG 3662271 --- [main] s.w.s.m.m.a.RequestMappingHandlerMapping : 19 mappings in 'requestMappingHandlerMapping'
2021-02-19 11:19:22.022  INFO 3662267 --- [main] pertySourcedRequestMappingHandlerMapping : Mapped URL path [/v2/api-docs] onto method [springfox.documentation.swagger2.web.Swagger2Controller#getDocumentation(String, HttpServletRequest)]
2021-02-19 11:19:22.105  INFO 3662271 --- [main] o.s.b.a.e.web.EndpointLinksResolver      : Exposing 2 endpoint(s) beneath base path '/actuator'
2021-02-19 11:19:22.298  INFO 3662271 --- [main] pertySourcedRequestMappingHandlerMapping : Mapped URL path [/v2/api-docs] onto method [springfox.documentation.swagger2.web.Swagger2Controller#getDocumentation(String, HttpServletRequest)]
2021-02-19 11:19:22.305  INFO 3662267 --- [main] o.s.s.concurrent.ThreadPoolTaskExecutor  : Initializing ExecutorService 'applicationTaskExecutor'
2021-02-19 11:19:22.343 DEBUG 3662267 --- [main] s.w.s.m.m.a.RequestMappingHandlerAdapter : ControllerAdvice beans: 0 @ModelAttribute, 0 @InitBinder, 1 RequestBodyAdvice, 1 ResponseBodyAdvice
2021-02-19 11:19:22.522  INFO 3662271 --- [main] o.s.s.concurrent.ThreadPoolTaskExecutor  : Initializing ExecutorService 'applicationTaskExecutor'
2021-02-19 11:19:22.567 DEBUG 3662271 --- [main] s.w.s.m.m.a.RequestMappingHandlerAdapter : ControllerAdvice beans: 0 @ModelAttribute, 0 @InitBinder, 1 RequestBodyAdvice, 1 ResponseBodyAdvice
2021-02-19 11:19:22.630 DEBUG 3662267 --- [main] o.s.w.s.handler.SimpleUrlHandlerMapping  : Patterns [/webjars/**, /**] in 'resourceHandlerMapping'
2021-02-19 11:19:22.683 DEBUG 3662267 --- [main] .m.m.a.ExceptionHandlerExceptionResolver : ControllerAdvice beans: 1 @ExceptionHandler, 1 ResponseBodyAdvice
2021-02-19 11:19:22.820  INFO 3662267 --- [main] d.s.w.p.DocumentationPluginsBootstrapper : Context refreshed
2021-02-19 11:19:22.875  INFO 3662267 --- [main] d.s.w.p.DocumentationPluginsBootstrapper : Found 1 custom documentation plugin(s)
2021-02-19 11:19:22.900 DEBUG 3662271 --- [main] o.s.w.s.handler.SimpleUrlHandlerMapping  : Patterns [/webjars/**, /**] in 'resourceHandlerMapping'
2021-02-19 11:19:22.941 DEBUG 3662271 --- [main] .m.m.a.ExceptionHandlerExceptionResolver : ControllerAdvice beans: 1 @ExceptionHandler, 1 ResponseBodyAdvice
2021-02-19 11:19:22.959  INFO 3662267 --- [main] s.d.s.w.s.ApiListingReferenceScanner     : Scanning for api listing references
2021-02-19 11:19:23.118  INFO 3662271 --- [main] d.s.w.p.DocumentationPluginsBootstrapper : Context refreshed
2021-02-19 11:19:23.165  INFO 3662271 --- [main] d.s.w.p.DocumentationPluginsBootstrapper : Found 1 custom documentation plugin(s)
2021-02-19 11:19:23.297  INFO 3662271 --- [main] s.d.s.w.s.ApiListingReferenceScanner     : Scanning for api listing references
2021-02-19 11:19:23.875  INFO 3662267 --- [main] o.s.b.w.embedded.tomcat.TomcatWebServer  : Tomcat started on port(s): 9221 (http) with context path ''
2021-02-19 11:19:23.907  INFO 3662267 --- [main] c.h.a.c.CustomScannersServiceApplication : Started CustomScannersServiceApplication in 9.941 seconds (JVM running for 11.54)
2021-02-19 11:19:24.212  INFO 3662267 --- [http-nio-9221-exec-1] o.a.c.c.C.[Tomcat].[localhost].[/]       : Initializing Spring DispatcherServlet 'dispatcherServlet'
2021-02-19 11:19:24.216  INFO 3662267 --- [http-nio-9221-exec-1] o.s.web.servlet.DispatcherServlet        : Initializing Servlet 'dispatcherServlet'
2021-02-19 11:19:24.217 DEBUG 3662267 --- [http-nio-9221-exec-1] o.s.web.servlet.DispatcherServlet        : Detected StandardServletMultipartResolver
2021-02-19 11:19:24.258 DEBUG 3662267 --- [http-nio-9221-exec-1] o.s.web.servlet.DispatcherServlet        : enableLoggingRequestDetails='false': request parameters and headers will be masked to prevent unsafe logging of potentially sensitive data
2021-02-19 11:19:24.259  INFO 3662267 --- [http-nio-9221-exec-1] o.s.web.servlet.DispatcherServlet        : Completed initialization in 42 ms
2021-02-19 11:19:24.286  INFO 3662271 --- [main] o.apache.catalina.core.StandardService   : Stopping service [Tomcat]
2021-02-19 11:19:24.288 DEBUG 3662267 --- [http-nio-9221-exec-1] o.s.web.servlet.DispatcherServlet        : GET "/v1/scanRules", parameters={}
2021-02-19 11:19:24.311  INFO 3662271 --- [main] ConditionEvaluationReportLoggingListener : 

Error starting ApplicationContext. To display the conditions report re-run your application with 'debug' enabled.
2021-02-19 11:19:24.313 DEBUG 3662267 --- [http-nio-9221-exec-1] s.w.s.m.m.a.RequestMappingHandlerMapping : Mapped to com.hcl.appscan.customscannersservice.controller.CustomScannersController#getScanRules(String[])
2021-02-19 11:19:24.318 ERROR 3662271 --- [main] o.s.b.d.LoggingFailureAnalysisReporter   : 

***************************
APPLICATION FAILED TO START
***************************

Description:

Web server failed to start. Port 9221 was already in use.

Action:

Identify and stop the process that's listening on port 9221 or configure this application to listen on another port.

2021-02-19 11:19:24.331  INFO 3662271 --- [main] o.s.s.concurrent.ThreadPoolTaskExecutor  : Shutting down ExecutorService 'applicationTaskExecutor'
2021-02-19 11:19:24.390 DEBUG 3662267 --- [http-nio-9221-exec-1] o.s.w.s.m.m.a.HttpEntityMethodProcessor  : Using 'application/json', given [application/json] and supported [application/json]
2021-02-19 11:19:24.403 DEBUG 3662267 --- [http-nio-9221-exec-1] o.s.w.s.m.m.a.HttpEntityMethodProcessor  : Writing [{Golang={com.ouncelabs.languagelite.golang.rules.WeakCryptoGolang=CustomScannersServiceScanRule{rule (truncated)...]
2021-02-19 11:19:24.470 DEBUG 3662267 --- [http-nio-9221-exec-1] o.s.web.servlet.DispatcherServlet        : Completed 200 OK
